Sequencia #1:
3 0 0 8 7 5 1 9 5
Correto!
Tentativas disponiveis: 3
Pontuacao: 90
Sequencia #2:
8 8 5 7 3 8 5 8 0
Incorreto!
Tentativas disponiveis: 2
Pontuacao: 170
Sequencia #2:
8 8 5 7 3 8 5 8 0
Correto!
Tentativas disponiveis: 2
Pontuacao: 170
Sequencia #3:
8 7 7 7 3 9 4 3 0
Incorreto!
Tentativas disponiveis: 1
Pontuacao: 240
Sequencia #3:
8 7 7 7 3 9 4 3 0
Correto!
Tentativas disponiveis: 1
Pontuacao: 240
Sequencia #4:
2 2 0 0 8 3 0 6 0
Incorreto!
Tentativas disponiveis: 0
Pontuacao: 320
Nao ha mais tentativas disponiveis... Tente novamente!