Sequencia #1:
6 0 1 1 2 8 1
Correto!
Tentativas disponiveis: 3
Pontuacao: 70
Sequencia #2:
0 5 3 4 3 7 4
Incorreto!
Tentativas disponiveis: 2
Pontuacao: 100
Sequencia #2:
0 5 3 4 3 7 4
Correto!
Tentativas disponiveis: 2
Pontuacao: 100
Sequencia #3:
6 2 2 8 8 9 7
Correto!
Tentativas disponiveis: 2
Pontuacao: 170
Sequencia #4:
2 9 3 7 9 9 4
Incorreto!
Tentativas disponiveis: 1
Pontuacao: 170
Sequencia #4:
2 9 3 7 9 9 4
Incorreto!
Tentativas disponiveis: 0
Pontuacao: 170
Nao ha mais tentativas disponiveis... Tente novamente!